<?xml version="1.0" encoding="UTF-8"?>
<!-- Generated by org.testng.reporters.JUnitXMLReporter -->
<testsuite ignored="0" hostname="GK" failures="0" tests="5" name="Default test" time="0.08" errors="0" timestamp="2025-02-01T16:44:48 IST">
  <testcase classname="browserscripts.ThreadPooling" name="executeTest" time="0.019"/>
  <testcase classname="browserscripts.ThreadPooling" name="executeTest" time="0.02"/>
  <testcase classname="browserscripts.ThreadPooling" name="executeTest" time="0.003"/>
  <testcase classname="browserscripts.ThreadPooling" name="executeTest" time="0.003"/>
  <testcase classname="browserscripts.ThreadPooling" name="executeTest" time="0.001"/>
</testsuite> <!-- Default test -->
