<?xml version="1.0" encoding="UTF-8"?>
<!-- Generated by org.testng.reporters.JUnitXMLReporter -->
<testsuite ignored="0" hostname="GK" failures="0" tests="3" name="Default test" time="0.165" errors="0" timestamp="2025-02-15T11:38:55 IST">
  <testcase classname="learnTestNG.dataDrivenTesting" name="loginTest" time="0.029"/>
  <testcase classname="learnTestNG.dataDrivenTesting" name="loginTest" time="0.003"/>
  <testcase classname="learnTestNG.dataDrivenTesting" name="loginTest" time="0.001"/>
</testsuite> <!-- Default test -->
