<?xml version="1.0" encoding="UTF-8"?>
<testng-results ignored="0" total="1" passed="1" failed="0" skipped="0">
  <reporter-output>
  </reporter-output>
  <suite started-at="2025-01-31T16:34:11 IST" name="Default suite" finished-at="2025-01-31T16:34:17 IST" duration-ms="6460">
    <groups>
    </groups>
    <test started-at="2025-01-31T16:34:11 IST" name="Default test" finished-at="2025-01-31T16:34:17 IST" duration-ms="6460">
      <class name="browserscripts.checkingtitle">
        <test-method is-config="true" signature="setup()[pri:0, instance:browserscripts.checkingtitle@65fb9ffc]" started-at="2025-01-31T16:34:11 IST" name="setup" finished-at="2025-01-31T16:34:14 IST" duration-ms="2523" status="PASS">
          <reporter-output>
          </reporter-output>
        </test-method> <!-- setup -->
        <test-method signature="testGoogle()[pri:0, instance:browserscripts.checkingtitle@65fb9ffc]" started-at="2025-01-31T16:34:14 IST" name="testGoogle" finished-at="2025-01-31T16:34:17 IST" duration-ms="3638" status="PASS">
          <reporter-output>
          </reporter-output>
        </test-method> <!-- testGoogle -->
        <test-method is-config="true" signature="end()[pri:0, instance:browserscripts.checkingtitle@65fb9ffc]" started-at="2025-01-31T16:34:17 IST" name="end" finished-at="2025-01-31T16:34:17 IST" duration-ms="263" status="PASS">
          <reporter-output>
          </reporter-output>
        </test-method> <!-- end -->
      </class> <!-- browserscripts.checkingtitle -->
    </test> <!-- Default test -->
  </suite> <!-- Default suite -->
</testng-results>
